[debug] [2022-06-13T13:55:04.792Z] ----------------------------------------------------------------------
[debug] [2022-06-13T13:55:04.797Z] Command:       /home/sylvorenzo/.nvm/versions/node/v12.22.3/bin/node /home/sylvorenzo/.nvm/versions/node/v12.22.3/bin/firebase deploy
[debug] [2022-06-13T13:55:04.797Z] CLI Version:   9.16.5
[debug] [2022-06-13T13:55:04.797Z] Platform:      linux
[debug] [2022-06-13T13:55:04.798Z] Node Version:  v12.22.3
[debug] [2022-06-13T13:55:04.798Z] Time:          Mon Jun 13 2022 15:55:04 GMT+0200 (South Africa Standard Time)
[debug] [2022-06-13T13:55:04.798Z] ----------------------------------------------------------------------
[debug] 
[debug] [2022-06-13T13:55:04.910Z] > command requires scopes: ["email","openid","https://www.googleapis.com/auth/cloudplatformprojects.readonly","https://www.googleapis.com/auth/firebase","https://www.googleapis.com/auth/cloud-platform"]
[debug] [2022-06-13T13:55:04.910Z] > authorizing via signed-in user (sylvorenzok@gmail.com)
[debug] [2022-06-13T13:55:04.911Z] [iam] checking project naziemphotography for permissions ["firebase.projects.get","firebasehosting.sites.update"]
[debug] [2022-06-13T13:55:04.915Z] > refreshing access token with scopes: ["email","https://www.googleapis.com/auth/cloud-platform","https://www.googleapis.com/auth/cloudplatformprojects.readonly","https://www.googleapis.com/auth/firebase","openid"]
[debug] [2022-06-13T13:55:04.916Z] >>> HTTP REQUEST POST https://www.googleapis.com/oauth2/v3/token  
 <request body omitted>
[debug] [2022-06-13T13:55:06.680Z] <<< HTTP RESPONSE 200 {"cache-control":"no-cache, no-store, max-age=0, must-revalidate","date":"Mon, 13 Jun 2022 13:55:06 GMT","expires":"Mon, 01 Jan 1990 00:00:00 GMT","pragma":"no-cache","content-type":"application/json; charset=utf-8","vary":"X-Origin, Referer, Origin,Accept-Encoding","server":"scaffolding on HTTPServer2","x-xss-protection":"0","x-frame-options":"SAMEORIGIN","x-content-type-options":"nosniff","alt-svc":"h3=\":443\"; ma=2592000,h3-29=\":443\"; ma=2592000,h3-Q050=\":443\"; ma=2592000,h3-Q046=\":443\"; ma=2592000,h3-Q043=\":443\"; ma=2592000,quic=\":443\"; ma=2592000; v=\"46,43\"","accept-ranges":"none","transfer-encoding":"chunked"}
[debug] [2022-06-13T13:55:06.769Z] >>> HTTP REQUEST POST https://cloudresourcemanager.googleapis.com/v1/projects/naziemphotography:testIamPermissions  
 {"permissions":["firebase.projects.get","firebasehosting.sites.update"]}
[debug] [2022-06-13T13:55:09.205Z] <<< HTTP RESPONSE 200 {"content-type":"application/json; charset=UTF-8","vary":"X-Origin, Referer, Origin,Accept-Encoding","date":"Mon, 13 Jun 2022 13:55:08 GMT","server":"ESF","cache-control":"private","x-xss-protection":"0","x-frame-options":"SAMEORIGIN","x-content-type-options":"nosniff","server-timing":"gfet4t7; dur=1509","alt-svc":"h3=\":443\"; ma=2592000,h3-29=\":443\"; ma=2592000,h3-Q050=\":443\"; ma=2592000,h3-Q046=\":443\"; ma=2592000,h3-Q043=\":443\"; ma=2592000,quic=\":443\"; ma=2592000; v=\"46,43\"","accept-ranges":"none","transfer-encoding":"chunked"}
[debug] [2022-06-13T13:55:09.210Z] > refreshing access token with scopes: []
[debug] [2022-06-13T13:55:09.210Z] >>> HTTP REQUEST POST https://www.googleapis.com/oauth2/v3/token  
 <request body omitted>
[debug] [2022-06-13T13:55:10.251Z] <<< HTTP RESPONSE 200 {"date":"Mon, 13 Jun 2022 13:55:09 GMT","pragma":"no-cache","cache-control":"no-cache, no-store, max-age=0, must-revalidate","expires":"Mon, 01 Jan 1990 00:00:00 GMT","content-type":"application/json; charset=utf-8","vary":"X-Origin, Referer, Origin,Accept-Encoding","server":"scaffolding on HTTPServer2","x-xss-protection":"0","x-frame-options":"SAMEORIGIN","x-content-type-options":"nosniff","alt-svc":"h3=\":443\"; ma=2592000,h3-29=\":443\"; ma=2592000,h3-Q050=\":443\"; ma=2592000,h3-Q046=\":443\"; ma=2592000,h3-Q043=\":443\"; ma=2592000,quic=\":443\"; ma=2592000; v=\"46,43\"","accept-ranges":"none","transfer-encoding":"chunked"}
[debug] [2022-06-13T13:55:10.341Z] >>> [apiv2][query] GET https://firebase.googleapis.com/v1beta1/projects/naziemphotography [none]
[debug] [2022-06-13T13:55:15.241Z] <<< [apiv2][status] GET https://firebase.googleapis.com/v1beta1/projects/naziemphotography 200
[debug] [2022-06-13T13:55:15.241Z] <<< [apiv2][body] GET https://firebase.googleapis.com/v1beta1/projects/naziemphotography {"projectId":"naziemphotography","projectNumber":"490053865963","displayName":"naziemphotography","name":"projects/naziemphotography","resources":{"hostingSite":"naziemphotography"},"state":"ACTIVE"}
[info] 
[info] === Deploying to 'naziemphotography'...
[info] 
[info] i  deploying hosting 
[debug] [2022-06-13T13:55:15.249Z] > refreshing access token with scopes: ["email","https://www.googleapis.com/auth/cloud-platform","https://www.googleapis.com/auth/cloudplatformprojects.readonly","https://www.googleapis.com/auth/firebase","openid"]
[debug] [2022-06-13T13:55:15.249Z] >>> HTTP REQUEST POST https://www.googleapis.com/oauth2/v3/token  
 <request body omitted>
[debug] [2022-06-13T13:55:17.519Z] <<< HTTP RESPONSE 200 {"pragma":"no-cache","expires":"Mon, 01 Jan 1990 00:00:00 GMT","cache-control":"no-cache, no-store, max-age=0, must-revalidate","date":"Mon, 13 Jun 2022 13:55:16 GMT","content-type":"application/json; charset=utf-8","vary":"X-Origin, Referer, Origin,Accept-Encoding","server":"scaffolding on HTTPServer2","x-xss-protection":"0","x-frame-options":"SAMEORIGIN","x-content-type-options":"nosniff","alt-svc":"h3=\":443\"; ma=2592000,h3-29=\":443\"; ma=2592000,h3-Q050=\":443\"; ma=2592000,h3-Q046=\":443\"; ma=2592000,h3-Q043=\":443\"; ma=2592000,quic=\":443\"; ma=2592000; v=\"46,43\"","accept-ranges":"none","transfer-encoding":"chunked"}
[debug] [2022-06-13T13:55:17.602Z] >>> HTTP REQUEST POST https://firebasehosting.googleapis.com/v1beta1/sites/naziemphotography/versions  
 {"config":{"rewrites":[{"glob":"**","path":"/index.html"}]},"labels":{"deployment-tool":"cli-firebase"}}
[debug] [2022-06-13T13:55:21.975Z] <<< HTTP RESPONSE 200 {"content-type":"application/json; charset=UTF-8","vary":"X-Origin, Referer, Origin,Accept-Encoding","date":"Mon, 13 Jun 2022 13:55:21 GMT","server":"ESF","cache-control":"private","x-xss-protection":"0","x-frame-options":"SAMEORIGIN","x-content-type-options":"nosniff","alt-svc":"h3=\":443\"; ma=2592000,h3-29=\":443\"; ma=2592000,h3-Q050=\":443\"; ma=2592000,h3-Q046=\":443\"; ma=2592000,h3-Q043=\":443\"; ma=2592000,quic=\":443\"; ma=2592000; v=\"46,43\"","accept-ranges":"none","transfer-encoding":"chunked"}
[info] i  hosting[naziemphotography]: beginning deploy... 
[info] i  hosting[naziemphotography]: found 35 files in build 
[debug] [2022-06-13T13:55:22.695Z] > refreshing access token with scopes: []
[debug] [2022-06-13T13:55:22.696Z] >>> HTTP REQUEST POST https://www.googleapis.com/oauth2/v3/token  
 <request body omitted>
[debug] [2022-06-13T13:55:22.698Z] [hosting] hash cache [YnVpbGQ] stored for 35 files
[debug] [2022-06-13T13:55:22.699Z] [hosting][hash queue][FINAL] {"max":667,"min":119,"avg":260.3142857142857,"active":0,"complete":35,"success":35,"errored":0,"retried":0,"total":35,"elapsed":681}
[debug] [2022-06-13T13:55:26.648Z] <<< HTTP RESPONSE 200 {"date":"Mon, 13 Jun 2022 13:55:26 GMT","cache-control":"no-cache, no-store, max-age=0, must-revalidate","expires":"Mon, 01 Jan 1990 00:00:00 GMT","pragma":"no-cache","content-type":"application/json; charset=utf-8","vary":"X-Origin, Referer, Origin,Accept-Encoding","server":"scaffolding on HTTPServer2","x-xss-protection":"0","x-frame-options":"SAMEORIGIN","x-content-type-options":"nosniff","alt-svc":"h3=\":443\"; ma=2592000,h3-29=\":443\"; ma=2592000,h3-Q050=\":443\"; ma=2592000,h3-Q046=\":443\"; ma=2592000,h3-Q043=\":443\"; ma=2592000,quic=\":443\"; ma=2592000; v=\"46,43\"","accept-ranges":"none","transfer-encoding":"chunked"}
[debug] [2022-06-13T13:55:26.732Z] >>> [apiv2][query] POST https://firebasehosting.googleapis.com/v1beta1/sites/naziemphotography/versions/429a38c61503c146:populateFiles [none]
[debug] [2022-06-13T13:55:26.732Z] >>> [apiv2][body] POST https://firebasehosting.googleapis.com/v1beta1/sites/naziemphotography/versions/429a38c61503c146:populateFiles {"files":{"/asset-manifest.json":"485f1cd52edeb7477b23f7e5a6b5e678a94d65d88e3e032a86a8a8d430d8b4ba","/favicon.ico":"c599b7a91ab3627e3538125d9f40adc2d4bf949046984262670545dc7738af06","/index.html":"6843fd104c4ba87bb4881cf3386dced1340e7e909985f3620a5c33d868a263f4","/logo192.png":"76c449ccb9cd117c2f2338f091b18f7050f3210e249b2228f5c81b23f34377cd","/logo512.png":"7779210d56c1f3741e2e487799fe3092def4fa6ac450a60532b807c3a8971205","/manifest.json":"0958a5e0c831126100c8c2d06a6bbaa665a3900f21aaff4130238a6f5a113aa1","/robots.txt":"2544ca049f223a42bff01f72ad930a5edba75bbb7199d0f8430a02ff5aca16ec","/static/css/main.b012fcb4.css":"316c39ec9ecaf8a3cf935890ec6b52a4b9bb890d7e4351171a9f24db6352c0f4","/static/css/main.b012fcb4.css.map":"7e4898b49385a5329692f3bd186be381268862481d04dfa1efe6e91a8116aeea","/static/js/787.c7d1202c.chunk.js":"f6a37aa08372a78f3a5bab9d3b8a10e63bcbafc624de7ce776c341571ebea59a","/static/js/787.c7d1202c.chunk.js.map":"d8278c10549e09513551eb267c75dbf220c0400f792bbd0f309e81ce2dec8269","/static/js/main.390a6119.js.LICENSE.txt":"df667668c8c8f6a461a0c04fb4f1b77afa85581b27e95462398ef7efc9257a7b","/static/media/Nazim.0b6a57a1165a6ce269b3.jpg":"eeab771fafd16f34dc36de38565b6dbefbacd375af6c23c6783c5c8468e1adf9","/static/media/facebook.ee97b3225fd4f7d487b177327141f14f.svg":"2f20241c37ae9105e37eabfeb847fa52584831253d088ea60f1db66ca8fd1563","/static/media/icons8-menu.5cc298bdc5569baa23804e2131076e6f.svg":"1fe04ac27c7a56100f2ad800b32eca0e282f480b9ea03fe7e9b122fe52029ec5","/static/media/instagram.bb7090a3037177de6c48c3b3be1a2063.svg":"8d2d939456cded2511d204acd12bfd9cef7c0ac2d736d800c964c90b6ab2f7cb","/static/js/main.390a6119.js":"3339159cbc89ecfe43ad3c8fecc3ceaac71e41ba33797d6d7476382dd6c6c520","/static/media/graduation1.f7b059dbd74842f729fb.jpg":"a1cff3fd46530c3d4ca58fa5a652448a58c4674ecd899699819a2704265accb8","/static/media/banner.ec5ac0d325aee698d77f.jpg":"946332b056847bd6de3387b7771c5dbac94d45f8fc4eb61d47e9e75166870726","/static/media/event1.11d64df696ec3df7040a.JPG":"5f6458e9a11616488ed15532364098d3c677c01ee14272a55091e1c20e394073","/static/media/graduation2.3e387fb9e43ecf483c8f.jpg":"5a88d25a52fc34c16a4dbaa6eb1bce99ad127a154d5afdd28dca6dac48985812","/static/media/event6.e536c1dbe8f4301ae191.JPG":"cede3d5bbe290b6adcb587192167c029461f4d07bdcf5ad21da88c27191c5035","/static/media/event5.40adaf7aa053b82b8e9a.JPG":"04481c6f0e92b46b83fee7cd2c8006e4b5a080d8675f1e37c6f5756953e7217f","/static/media/event4.1d85bcb6360df03faac1.JPG":"9875c3648889eaf9bfb8479054b2ea83fe858f22205333daad63bc5f6d9a23e9","/static/media/event3.0997d722cb830be6b474.JPG":"abddaeb37247e3fc3f5dd6e7dcb371e40bc391688c24d5e680b310619aebc276","/static/media/wedding0.deb83087336232c0e9f2.jpg":"69c3185c1057a00672cb9f0166e96fe6ed9061c2a2a1b0668d46fdc9e0e52a38","/static/media/wedding2.86e5de8cf8daa24cd1b4.jpg":"6726ce3af6199be1f79f1d1f6423e498c4d056ff11b89ae28b1dcc2f26ee46a3","/static/media/graduation3.018465c18253669cc669.jpg":"03636eddef1c52a6681aa1499eb3212eb38237b7b6b3af9768e432a2e8e282b2","/static/media/event2.341213afd56a6b1f53c8.JPG":"2031b57b14c55d39e941b86673c90b9f8383e462658fe191e20be410d55940cc","/static/media/wedding3.4a5eb893bfa9367ba2e0.jpg":"2f71a202ba5a10a7b35d903dc33ac0446acd11c684dca72b2b47f867ac518077","/static/media/graduation.eaa841df38f95c1ea8d6.jpg":"d41e1ed0a1d7f8c93a8328d235b5be77ea58ce1815739e08bc91c4443ed3fa56","/static/media/corporate.984ca9b137d4bc0d7dcb.jpg":"55af711091f5eecd7509807a0ef734bdc5420a6d42ece282c23c30ec02cf3498","/static/media/wedding.494f6154cbf9e5429311.jpg":"8b10545187153ea0f46dba463dfe4c07eb52316b252641e28a1401465256c309","/static/media/wedding1.88650b3b95e70ad67e65.jpg":"db4352f42a7d16d13e5636b9bd89426f8679a54ba9b9dc33d2f19b57cb38da9b","/static/js/main.390a6119.js.map":"fb0a4a097089fbdbe346bcd471178fb556372503d0a0bfd314496f8000517168"}}
[debug] [2022-06-13T13:55:29.481Z] <<< [apiv2][status] POST https://firebasehosting.googleapis.com/v1beta1/sites/naziemphotography/versions/429a38c61503c146:populateFiles 200
[debug] [2022-06-13T13:55:29.481Z] <<< [apiv2][body] POST https://firebasehosting.googleapis.com/v1beta1/sites/naziemphotography/versions/429a38c61503c146:populateFiles {"uploadRequiredHashes":["6843fd104c4ba87bb4881cf3386dced1340e7e909985f3620a5c33d868a263f4","55af711091f5eecd7509807a0ef734bdc5420a6d42ece282c23c30ec02cf3498","db4352f42a7d16d13e5636b9bd89426f8679a54ba9b9dc33d2f19b57cb38da9b","8b10545187153ea0f46dba463dfe4c07eb52316b252641e28a1401465256c309","d41e1ed0a1d7f8c93a8328d235b5be77ea58ce1815739e08bc91c4443ed3fa56"],"uploadUrl":"https://upload-firebasehosting.googleapis.com/upload/sites/naziemphotography/versions/429a38c61503c146/files"}
[debug] [2022-06-13T13:55:29.484Z] >>> [apiv2][query] POST https://upload-firebasehosting.googleapis.com/upload/sites/naziemphotography/versions/429a38c61503c146/files/6843fd104c4ba87bb4881cf3386dced1340e7e909985f3620a5c33d868a263f4 [none]
[debug] [2022-06-13T13:55:29.484Z] >>> [apiv2][body] POST https://upload-firebasehosting.googleapis.com/upload/sites/naziemphotography/versions/429a38c61503c146/files/6843fd104c4ba87bb4881cf3386dced1340e7e909985f3620a5c33d868a263f4 [stream]
[debug] [2022-06-13T13:55:29.486Z] >>> [apiv2][query] POST https://upload-firebasehosting.googleapis.com/upload/sites/naziemphotography/versions/429a38c61503c146/files/55af711091f5eecd7509807a0ef734bdc5420a6d42ece282c23c30ec02cf3498 [none]
[debug] [2022-06-13T13:55:29.488Z] >>> [apiv2][body] POST https://upload-firebasehosting.googleapis.com/upload/sites/naziemphotography/versions/429a38c61503c146/files/55af711091f5eecd7509807a0ef734bdc5420a6d42ece282c23c30ec02cf3498 [stream]
[debug] [2022-06-13T13:55:29.491Z] >>> [apiv2][query] POST https://upload-firebasehosting.googleapis.com/upload/sites/naziemphotography/versions/429a38c61503c146/files/db4352f42a7d16d13e5636b9bd89426f8679a54ba9b9dc33d2f19b57cb38da9b [none]
[debug] [2022-06-13T13:55:29.491Z] >>> [apiv2][body] POST https://upload-firebasehosting.googleapis.com/upload/sites/naziemphotography/versions/429a38c61503c146/files/db4352f42a7d16d13e5636b9bd89426f8679a54ba9b9dc33d2f19b57cb38da9b [stream]
[debug] [2022-06-13T13:55:29.493Z] >>> [apiv2][query] POST https://upload-firebasehosting.googleapis.com/upload/sites/naziemphotography/versions/429a38c61503c146/files/8b10545187153ea0f46dba463dfe4c07eb52316b252641e28a1401465256c309 [none]
[debug] [2022-06-13T13:55:29.493Z] >>> [apiv2][body] POST https://upload-firebasehosting.googleapis.com/upload/sites/naziemphotography/versions/429a38c61503c146/files/8b10545187153ea0f46dba463dfe4c07eb52316b252641e28a1401465256c309 [stream]
[debug] [2022-06-13T13:55:29.514Z] >>> [apiv2][query] POST https://upload-firebasehosting.googleapis.com/upload/sites/naziemphotography/versions/429a38c61503c146/files/d41e1ed0a1d7f8c93a8328d235b5be77ea58ce1815739e08bc91c4443ed3fa56 [none]
[debug] [2022-06-13T13:55:29.514Z] >>> [apiv2][body] POST https://upload-firebasehosting.googleapis.com/upload/sites/naziemphotography/versions/429a38c61503c146/files/d41e1ed0a1d7f8c93a8328d235b5be77ea58ce1815739e08bc91c4443ed3fa56 [stream]
[debug] [2022-06-13T13:55:29.516Z] [hosting][populate queue][FINAL] {"max":6790,"min":6790,"avg":6790,"active":0,"complete":1,"success":1,"errored":0,"retried":0,"total":1,"elapsed":6822}
[debug] [2022-06-13T13:55:29.516Z] [hosting] uploads queued: 5
[debug] [2022-06-13T13:55:31.621Z] <<< [apiv2][status] POST https://upload-firebasehosting.googleapis.com/upload/sites/naziemphotography/versions/429a38c61503c146/files/6843fd104c4ba87bb4881cf3386dced1340e7e909985f3620a5c33d868a263f4 200
[debug] [2022-06-13T13:55:31.622Z] <<< [apiv2][body] POST https://upload-firebasehosting.googleapis.com/upload/sites/naziemphotography/versions/429a38c61503c146/files/6843fd104c4ba87bb4881cf3386dced1340e7e909985f3620a5c33d868a263f4 [stream]
[debug] [2022-06-13T13:55:59.886Z] [uploadQueue] Retrying task 55af711091f5eecd7509807a0ef734bdc5420a6d42ece282c23c30ec02cf3498
[debug] [2022-06-13T13:55:59.888Z] >>> [apiv2][query] POST https://upload-firebasehosting.googleapis.com/upload/sites/naziemphotography/versions/429a38c61503c146/files/55af711091f5eecd7509807a0ef734bdc5420a6d42ece282c23c30ec02cf3498 [none]
[debug] [2022-06-13T13:55:59.888Z] >>> [apiv2][body] POST https://upload-firebasehosting.googleapis.com/upload/sites/naziemphotography/versions/429a38c61503c146/files/55af711091f5eecd7509807a0ef734bdc5420a6d42ece282c23c30ec02cf3498 [stream]
[debug] [2022-06-13T13:55:59.894Z] [uploadQueue] Retrying task db4352f42a7d16d13e5636b9bd89426f8679a54ba9b9dc33d2f19b57cb38da9b
[debug] [2022-06-13T13:55:59.895Z] >>> [apiv2][query] POST https://upload-firebasehosting.googleapis.com/upload/sites/naziemphotography/versions/429a38c61503c146/files/db4352f42a7d16d13e5636b9bd89426f8679a54ba9b9dc33d2f19b57cb38da9b [none]
[debug] [2022-06-13T13:55:59.895Z] >>> [apiv2][body] POST https://upload-firebasehosting.googleapis.com/upload/sites/naziemphotography/versions/429a38c61503c146/files/db4352f42a7d16d13e5636b9bd89426f8679a54ba9b9dc33d2f19b57cb38da9b [stream]
[debug] [2022-06-13T13:55:59.902Z] [uploadQueue] Retrying task 8b10545187153ea0f46dba463dfe4c07eb52316b252641e28a1401465256c309
[debug] [2022-06-13T13:55:59.906Z] >>> [apiv2][query] POST https://upload-firebasehosting.googleapis.com/upload/sites/naziemphotography/versions/429a38c61503c146/files/8b10545187153ea0f46dba463dfe4c07eb52316b252641e28a1401465256c309 [none]
[debug] [2022-06-13T13:55:59.906Z] >>> [apiv2][body] POST https://upload-firebasehosting.googleapis.com/upload/sites/naziemphotography/versions/429a38c61503c146/files/8b10545187153ea0f46dba463dfe4c07eb52316b252641e28a1401465256c309 [stream]
[debug] [2022-06-13T13:55:59.908Z] [uploadQueue] Retrying task d41e1ed0a1d7f8c93a8328d235b5be77ea58ce1815739e08bc91c4443ed3fa56
[debug] [2022-06-13T13:55:59.928Z] >>> [apiv2][query] POST https://upload-firebasehosting.googleapis.com/upload/sites/naziemphotography/versions/429a38c61503c146/files/d41e1ed0a1d7f8c93a8328d235b5be77ea58ce1815739e08bc91c4443ed3fa56 [none]
[debug] [2022-06-13T13:55:59.928Z] >>> [apiv2][body] POST https://upload-firebasehosting.googleapis.com/upload/sites/naziemphotography/versions/429a38c61503c146/files/d41e1ed0a1d7f8c93a8328d235b5be77ea58ce1815739e08bc91c4443ed3fa56 [stream]
[debug] [2022-06-13T13:56:11.092Z] [uploadQueue] Retrying task db4352f42a7d16d13e5636b9bd89426f8679a54ba9b9dc33d2f19b57cb38da9b
[debug] [2022-06-13T13:56:11.094Z] >>> [apiv2][query] POST https://upload-firebasehosting.googleapis.com/upload/sites/naziemphotography/versions/429a38c61503c146/files/db4352f42a7d16d13e5636b9bd89426f8679a54ba9b9dc33d2f19b57cb38da9b [none]
[debug] [2022-06-13T13:56:11.094Z] >>> [apiv2][body] POST https://upload-firebasehosting.googleapis.com/upload/sites/naziemphotography/versions/429a38c61503c146/files/db4352f42a7d16d13e5636b9bd89426f8679a54ba9b9dc33d2f19b57cb38da9b [stream]
[debug] [2022-06-13T13:56:30.688Z] [uploadQueue] Retrying task 55af711091f5eecd7509807a0ef734bdc5420a6d42ece282c23c30ec02cf3498
[debug] [2022-06-13T13:56:30.689Z] >>> [apiv2][query] POST https://upload-firebasehosting.googleapis.com/upload/sites/naziemphotography/versions/429a38c61503c146/files/55af711091f5eecd7509807a0ef734bdc5420a6d42ece282c23c30ec02cf3498 [none]
[debug] [2022-06-13T13:56:30.689Z] >>> [apiv2][body] POST https://upload-firebasehosting.googleapis.com/upload/sites/naziemphotography/versions/429a38c61503c146/files/55af711091f5eecd7509807a0ef734bdc5420a6d42ece282c23c30ec02cf3498 [stream]
[debug] [2022-06-13T13:56:30.703Z] [uploadQueue] Retrying task 8b10545187153ea0f46dba463dfe4c07eb52316b252641e28a1401465256c309
[debug] [2022-06-13T13:56:30.704Z] >>> [apiv2][query] POST https://upload-firebasehosting.googleapis.com/upload/sites/naziemphotography/versions/429a38c61503c146/files/8b10545187153ea0f46dba463dfe4c07eb52316b252641e28a1401465256c309 [none]
[debug] [2022-06-13T13:56:30.704Z] >>> [apiv2][body] POST https://upload-firebasehosting.googleapis.com/upload/sites/naziemphotography/versions/429a38c61503c146/files/8b10545187153ea0f46dba463dfe4c07eb52316b252641e28a1401465256c309 [stream]
[debug] [2022-06-13T13:56:30.709Z] [uploadQueue] Retrying task d41e1ed0a1d7f8c93a8328d235b5be77ea58ce1815739e08bc91c4443ed3fa56
[debug] [2022-06-13T13:56:30.710Z] >>> [apiv2][query] POST https://upload-firebasehosting.googleapis.com/upload/sites/naziemphotography/versions/429a38c61503c146/files/d41e1ed0a1d7f8c93a8328d235b5be77ea58ce1815739e08bc91c4443ed3fa56 [none]
[debug] [2022-06-13T13:56:30.710Z] >>> [apiv2][body] POST https://upload-firebasehosting.googleapis.com/upload/sites/naziemphotography/versions/429a38c61503c146/files/d41e1ed0a1d7f8c93a8328d235b5be77ea58ce1815739e08bc91c4443ed3fa56 [stream]
[debug] [2022-06-13T13:56:42.695Z] [uploadQueue] Retrying task db4352f42a7d16d13e5636b9bd89426f8679a54ba9b9dc33d2f19b57cb38da9b
[debug] [2022-06-13T13:56:42.696Z] >>> [apiv2][query] POST https://upload-firebasehosting.googleapis.com/upload/sites/naziemphotography/versions/429a38c61503c146/files/db4352f42a7d16d13e5636b9bd89426f8679a54ba9b9dc33d2f19b57cb38da9b [none]
[debug] [2022-06-13T13:56:42.696Z] >>> [apiv2][body] POST https://upload-firebasehosting.googleapis.com/upload/sites/naziemphotography/versions/429a38c61503c146/files/db4352f42a7d16d13e5636b9bd89426f8679a54ba9b9dc33d2f19b57cb38da9b [stream]
[debug] [2022-06-13T13:57:02.289Z] [uploadQueue] Retrying task 55af711091f5eecd7509807a0ef734bdc5420a6d42ece282c23c30ec02cf3498
[debug] [2022-06-13T13:57:02.290Z] >>> [apiv2][query] POST https://upload-firebasehosting.googleapis.com/upload/sites/naziemphotography/versions/429a38c61503c146/files/55af711091f5eecd7509807a0ef734bdc5420a6d42ece282c23c30ec02cf3498 [none]
[debug] [2022-06-13T13:57:02.291Z] >>> [apiv2][body] POST https://upload-firebasehosting.googleapis.com/upload/sites/naziemphotography/versions/429a38c61503c146/files/55af711091f5eecd7509807a0ef734bdc5420a6d42ece282c23c30ec02cf3498 [stream]
[debug] [2022-06-13T13:57:02.311Z] [uploadQueue] Retrying task 8b10545187153ea0f46dba463dfe4c07eb52316b252641e28a1401465256c309
[debug] [2022-06-13T13:57:02.312Z] >>> [apiv2][query] POST https://upload-firebasehosting.googleapis.com/upload/sites/naziemphotography/versions/429a38c61503c146/files/8b10545187153ea0f46dba463dfe4c07eb52316b252641e28a1401465256c309 [none]
[debug] [2022-06-13T13:57:02.312Z] >>> [apiv2][body] POST https://upload-firebasehosting.googleapis.com/upload/sites/naziemphotography/versions/429a38c61503c146/files/8b10545187153ea0f46dba463dfe4c07eb52316b252641e28a1401465256c309 [stream]
[debug] [2022-06-13T13:57:02.316Z] [uploadQueue] Retrying task d41e1ed0a1d7f8c93a8328d235b5be77ea58ce1815739e08bc91c4443ed3fa56
[debug] [2022-06-13T13:57:02.317Z] >>> [apiv2][query] POST https://upload-firebasehosting.googleapis.com/upload/sites/naziemphotography/versions/429a38c61503c146/files/d41e1ed0a1d7f8c93a8328d235b5be77ea58ce1815739e08bc91c4443ed3fa56 [none]
[debug] [2022-06-13T13:57:02.317Z] >>> [apiv2][body] POST https://upload-firebasehosting.googleapis.com/upload/sites/naziemphotography/versions/429a38c61503c146/files/d41e1ed0a1d7f8c93a8328d235b5be77ea58ce1815739e08bc91c4443ed3fa56 [stream]
[debug] [2022-06-13T13:57:15.896Z] [uploadQueue] Retrying task db4352f42a7d16d13e5636b9bd89426f8679a54ba9b9dc33d2f19b57cb38da9b
[debug] [2022-06-13T13:57:15.897Z] >>> [apiv2][query] POST https://upload-firebasehosting.googleapis.com/upload/sites/naziemphotography/versions/429a38c61503c146/files/db4352f42a7d16d13e5636b9bd89426f8679a54ba9b9dc33d2f19b57cb38da9b [none]
[debug] [2022-06-13T13:57:15.898Z] >>> [apiv2][body] POST https://upload-firebasehosting.googleapis.com/upload/sites/naziemphotography/versions/429a38c61503c146/files/db4352f42a7d16d13e5636b9bd89426f8679a54ba9b9dc33d2f19b57cb38da9b [stream]
[debug] [2022-06-13T13:57:35.492Z] [uploadQueue] Retrying task 55af711091f5eecd7509807a0ef734bdc5420a6d42ece282c23c30ec02cf3498
[debug] [2022-06-13T13:57:35.493Z] >>> [apiv2][query] POST https://upload-firebasehosting.googleapis.com/upload/sites/naziemphotography/versions/429a38c61503c146/files/55af711091f5eecd7509807a0ef734bdc5420a6d42ece282c23c30ec02cf3498 [none]
[debug] [2022-06-13T13:57:35.493Z] >>> [apiv2][body] POST https://upload-firebasehosting.googleapis.com/upload/sites/naziemphotography/versions/429a38c61503c146/files/55af711091f5eecd7509807a0ef734bdc5420a6d42ece282c23c30ec02cf3498 [stream]
[debug] [2022-06-13T13:57:35.512Z] [uploadQueue] Retrying task 8b10545187153ea0f46dba463dfe4c07eb52316b252641e28a1401465256c309
[debug] [2022-06-13T13:57:35.513Z] >>> [apiv2][query] POST https://upload-firebasehosting.googleapis.com/upload/sites/naziemphotography/versions/429a38c61503c146/files/8b10545187153ea0f46dba463dfe4c07eb52316b252641e28a1401465256c309 [none]
[debug] [2022-06-13T13:57:35.513Z] >>> [apiv2][body] POST https://upload-firebasehosting.googleapis.com/upload/sites/naziemphotography/versions/429a38c61503c146/files/8b10545187153ea0f46dba463dfe4c07eb52316b252641e28a1401465256c309 [stream]
[debug] [2022-06-13T13:57:35.517Z] [uploadQueue] Retrying task d41e1ed0a1d7f8c93a8328d235b5be77ea58ce1815739e08bc91c4443ed3fa56
[debug] [2022-06-13T13:57:35.518Z] >>> [apiv2][query] POST https://upload-firebasehosting.googleapis.com/upload/sites/naziemphotography/versions/429a38c61503c146/files/d41e1ed0a1d7f8c93a8328d235b5be77ea58ce1815739e08bc91c4443ed3fa56 [none]
[debug] [2022-06-13T13:57:35.518Z] >>> [apiv2][body] POST https://upload-firebasehosting.googleapis.com/upload/sites/naziemphotography/versions/429a38c61503c146/files/d41e1ed0a1d7f8c93a8328d235b5be77ea58ce1815739e08bc91c4443ed3fa56 [stream]
[debug] [2022-06-13T13:57:52.298Z] [uploadQueue] Retrying task db4352f42a7d16d13e5636b9bd89426f8679a54ba9b9dc33d2f19b57cb38da9b
[debug] [2022-06-13T13:57:52.299Z] >>> [apiv2][query] POST https://upload-firebasehosting.googleapis.com/upload/sites/naziemphotography/versions/429a38c61503c146/files/db4352f42a7d16d13e5636b9bd89426f8679a54ba9b9dc33d2f19b57cb38da9b [none]
[debug] [2022-06-13T13:57:52.300Z] >>> [apiv2][body] POST https://upload-firebasehosting.googleapis.com/upload/sites/naziemphotography/versions/429a38c61503c146/files/db4352f42a7d16d13e5636b9bd89426f8679a54ba9b9dc33d2f19b57cb38da9b [stream]
